# JRE version: OpenJDK Runtime Environment Corretto-17.0.6.10.1 (17.0.6+10) (build 17.0.6+10-LTS)
# Java VM: OpenJDK 64-Bit Server VM Corretto-17.0.6.10.1 (17.0.6+10-LTS, mixed mode, sharing, tiered, compressed oops, compressed class ptrs, g1 gc, windows-amd64)
GC Precious Log:
 CPUs: 8 total, 8 available
 Memory: 14266M
 Large Page Support: Disabled
 NUMA Support: Disabled
 Compressed Oops: Enabled (32-bit)
 Heap Region Size: 1M
 Heap Min Capacity: 8M
 Heap Initial Capacity: 224M
 Heap Max Capacity: 2G
 Pre-touch: Disabled
 Parallel Workers: 8
 Concurrent Workers: 2
 Concurrent Refinement Workers: 8
 Periodic GC: Disabled
Heap:
 garbage-first heap   total 444416K, used 346915K [0x0000000080000000, 0x0000000100000000)
  region size 1024K, 98 young (100352K), 16 survivors (16384K)
 Metaspace       used 124476K, committed 125568K, reserved 1163264K
  class space    used 15933K, committed 16512K, reserved 1048576K
GC Heap History (20 events):
Event: 4341.094 GC heap before
{Heap before GC invocations=50 (full 0):
 garbage-first heap   total 304128K, used 263062K [0x0000000080000000, 0x0000000100000000)
  region size 1024K, 14 young (14336K), 2 survivors (2048K)
 Metaspace       used 111653K, committed 112768K, reserved 1155072K
  class space    used 14497K, committed 15040K, reserved 1048576K
}
Event: 4341.100 GC heap after
{Heap after GC invocations=51 (full 0):
 garbage-first heap   total 304128K, used 257093K [0x0000000080000000, 0x0000000100000000)
  region size 1024K, 2 young (2048K), 2 survivors (2048K)
 Metaspace       used 111653K, committed 112768K, reserved 1155072K
  class space    used 14497K, committed 15040K, reserved 1048576K
}
Event: 4341.151 GC heap before
{Heap before GC invocations=51 (full 0):
 garbage-first heap   total 304128K, used 266309K [0x0000000080000000, 0x0000000100000000)
  region size 1024K, 5 young (5120K), 2 survivors (2048K)
 Metaspace       used 111653K, committed 112768K, reserved 1155072K
  class space    used 14497K, committed 15040K, reserved 1048576K
}
Event: 4341.155 GC heap after
{Heap after GC invocations=52 (full 0):
 garbage-first heap   total 304128K, used 261614K [0x0000000080000000, 0x0000000100000000)
  region size 1024K, 1 young (1024K), 1 survivors (1024K)
 Metaspace       used 111653K, committed 112768K, reserved 1155072K
  class space    used 14497K, committed 15040K, reserved 1048576K
}
Event: 4341.367 GC heap before
{Heap before GC invocations=52 (full 0):
 garbage-first heap   total 304128K, used 284142K [0x0000000080000000, 0x0000000100000000)
  region size 1024K, 14 young (14336K), 1 survivors (1024K)
 Metaspace       used 111910K, committed 112960K, reserved 1155072K
  class space    used 14517K, committed 15040K, reserved 1048576K
}
Event: 4341.369 GC heap after
{Heap after GC invocations=53 (full 0):
 garbage-first heap   total 304128K, used 263329K [0x0000000080000000, 0x0000000100000000)
  region size 1024K, 2 young (2048K), 2 survivors (2048K)
 Metaspace       used 111910K, committed 112960K, reserved 1155072K
  class space    used 14517K, committed 15040K, reserved 1048576K
}
Event: 4341.404 GC heap before
{Heap before GC invocations=53 (full 0):
 garbage-first heap   total 304128K, used 275617K [0x0000000080000000, 0x0000000100000000)
  region size 1024K, 14 young (14336K), 2 survivors (2048K)
 Metaspace       used 111975K, committed 113024K, reserved 1155072K
  class space    used 14522K, committed 15040K, reserved 1048576K
}
Event: 4341.408 GC heap after
{Heap after GC invocations=54 (full 0):
 garbage-first heap   total 304128K, used 265261K [0x0000000080000000, 0x0000000100000000)
  region size 1024K, 2 young (2048K), 2 survivors (2048K)
 Metaspace       used 111975K, committed 113024K, reserved 1155072K
  class space    used 14522K, committed 15040K, reserved 1048576K
}
Event: 4341.608 GC heap before
{Heap before GC invocations=54 (full 0):
 garbage-first heap   total 304128K, used 276525K [0x0000000080000000, 0x0000000100000000)
  region size 1024K, 14 young (14336K), 2 survivors (2048K)
 Metaspace       used 112324K, committed 113408K, reserved 1155072K
  class space    used 14557K, committed 15104K, reserved 1048576K
}
Event: 4341.615 GC heap after
{Heap after GC invocations=55 (full 0):
 garbage-first heap   total 304128K, used 267532K [0x0000000080000000, 0x0000000100000000)
  region size 1024K, 2 young (2048K), 2 survivors (2048K)
 Metaspace       used 112324K, committed 113408K, reserved 1155072K
  class space    used 14557K, committed 15104K, reserved 1048576K
}
Event: 4342.428 GC heap before
{Heap before GC invocations=56 (full 0):
 garbage-first heap   total 444416K, used 274700K [0x0000000080000000, 0x0000000100000000)
  region size 1024K, 14 young (14336K), 2 survivors (2048K)
 Metaspace       used 113421K, committed 114432K, reserved 1155072K
  class space    used 14596K, committed 15104K, reserved 1048576K
}
Event: 4342.435 GC heap after
{Heap after GC invocations=57 (full 0):
 garbage-first heap   total 444416K, used 265092K [0x0000000080000000, 0x0000000100000000)
  region size 1024K, 2 young (2048K), 2 survivors (2048K)
 Metaspace       used 113421K, committed 114432K, reserved 1155072K
  class space    used 14596K, committed 15104K, reserved 1048576K
}
Event: 4342.773 GC heap before
{Heap before GC invocations=57 (full 0):
 garbage-first heap   total 444416K, used 283524K [0x0000000080000000, 0x0000000100000000)
  region size 1024K, 21 young (21504K), 2 survivors (2048K)
 Metaspace       used 114503K, committed 115520K, reserved 1155072K
  class space    used 14702K, committed 15232K, reserved 1048576K
}
Event: 4342.784 GC heap after
{Heap after GC invocations=58 (full 0):
 garbage-first heap   total 444416K, used 248545K [0x0000000080000000, 0x0000000100000000)
  region size 1024K, 3 young (3072K), 3 survivors (3072K)
 Metaspace       used 114503K, committed 115520K, reserved 1155072K
  class space    used 14702K, committed 15232K, reserved 1048576K
}
Event: 4347.271 GC heap before
{Heap before GC invocations=58 (full 0):
 garbage-first heap   total 444416K, used 363233K [0x0000000080000000, 0x0000000100000000)
  region size 1024K, 116 young (118784K), 3 survivors (3072K)
 Metaspace       used 116806K, committed 117888K, reserved 1155072K
  class space    used 14940K, committed 15488K, reserved 1048576K
}
Event: 4347.279 GC heap after
{Heap after GC invocations=59 (full 0):
 garbage-first heap   total 444416K, used 252077K [0x0000000080000000, 0x0000000100000000)
  region size 1024K, 7 young (7168K), 7 survivors (7168K)
 Metaspace       used 116806K, committed 117888K, reserved 1155072K
  class space    used 14940K, committed 15488K, reserved 1048576K
}
Event: 4353.926 GC heap before
{Heap before GC invocations=59 (full 0):
 garbage-first heap   total 444416K, used 382125K [0x0000000080000000, 0x0000000100000000)
  region size 1024K, 121 young (123904K), 7 survivors (7168K)
 Metaspace       used 121449K, committed 122496K, reserved 1163264K
  class space    used 15558K, committed 16064K, reserved 1048576K
}
Event: 4353.939 GC heap after
{Heap after GC invocations=60 (full 0):
 garbage-first heap   total 444416K, used 256870K [0x0000000080000000, 0x0000000100000000)
  region size 1024K, 12 young (12288K), 12 survivors (12288K)
 Metaspace       used 121449K, committed 122496K, reserved 1163264K
  class space    used 15558K, committed 16064K, reserved 1048576K
}
Event: 4356.984 GC heap before
{Heap before GC invocations=60 (full 0):
 garbage-first heap   total 444416K, used 371558K [0x0000000080000000, 0x0000000100000000)
  region size 1024K, 125 young (128000K), 12 survivors (12288K)
 Metaspace       used 122559K, committed 123648K, reserved 1163264K
  class space    used 15671K, committed 16256K, reserved 1048576K
}
Event: 4357.005 GC heap after
{Heap after GC invocations=61 (full 0):
 garbage-first heap   total 444416K, used 264996K [0x0000000080000000, 0x0000000100000000)
  region size 1024K, 16 young (16384K), 16 survivors (16384K)
 Metaspace       used 122559K, committed 123648K, reserved 1163264K
  class space    used 15671K, committed 16256K, reserved 1048576K
}

