# JRE version: OpenJDK Runtime Environment Corretto-17.0.6.10.1 (17.0.6+10) (build 17.0.6+10-LTS)
# Java VM: OpenJDK 64-Bit Server VM Corretto-17.0.6.10.1 (17.0.6+10-LTS, mixed mode, sharing, tiered, compressed oops, compressed class ptrs, g1 gc, windows-amd64)
GC Precious Log:
 CPUs: 8 total, 8 available
 Memory: 14266M
 Large Page Support: Disabled
 NUMA Support: Disabled
 Compressed Oops: Enabled (32-bit)
 Heap Region Size: 1M
 Heap Min Capacity: 8M
 Heap Initial Capacity: 224M
 Heap Max Capacity: 2G
 Pre-touch: Disabled
 Parallel Workers: 8
 Concurrent Workers: 2
 Concurrent Refinement Workers: 8
 Periodic GC: Disabled
Heap:
 garbage-first heap   total 360448K, used 252258K [0x0000000080000000, 0x0000000100000000)
  region size 1024K, 2 young (2048K), 2 survivors (2048K)
 Metaspace       used 100153K, committed 100928K, reserved 1138688K
  class space    used 13812K, committed 14208K, reserved 1048576K
GC Heap History (20 events):
Event: 41.210 GC heap after
{Heap after GC invocations=61 (full 0):
 garbage-first heap   total 331776K, used 132964K [0x0000000080000000, 0x0000000100000000)
  region size 1024K, 11 young (11264K), 11 survivors (11264K)
 Metaspace       used 97993K, committed 98752K, reserved 1138688K
  class space    used 13590K, committed 13952K, reserved 1048576K
}
Event: 41.909 GC heap before
{Heap before GC invocations=61 (full 0):
 garbage-first heap   total 331776K, used 274276K [0x0000000080000000, 0x0000000100000000)
  region size 1024K, 149 young (152576K), 11 survivors (11264K)
 Metaspace       used 98011K, committed 98752K, reserved 1138688K
  class space    used 13590K, committed 13952K, reserved 1048576K
}
Event: 41.917 GC heap after
{Heap after GC invocations=62 (full 0):
 garbage-first heap   total 331776K, used 132951K [0x0000000080000000, 0x0000000100000000)
  region size 1024K, 11 young (11264K), 11 survivors (11264K)
 Metaspace       used 98011K, committed 98752K, reserved 1138688K
  class space    used 13590K, committed 13952K, reserved 1048576K
}
Event: 42.942 GC heap before
{Heap before GC invocations=62 (full 0):
 garbage-first heap   total 331776K, used 277335K [0x0000000080000000, 0x0000000100000000)
  region size 1024K, 153 young (156672K), 11 survivors (11264K)
 Metaspace       used 98294K, committed 99008K, reserved 1138688K
  class space    used 13605K, committed 13952K, reserved 1048576K
}
Event: 42.952 GC heap after
{Heap after GC invocations=63 (full 0):
 garbage-first heap   total 331776K, used 134761K [0x0000000080000000, 0x0000000100000000)
  region size 1024K, 12 young (12288K), 12 survivors (12288K)
 Metaspace       used 98294K, committed 99008K, reserved 1138688K
  class space    used 13605K, committed 13952K, reserved 1048576K
}
Event: 44.053 GC heap before
{Heap before GC invocations=63 (full 0):
 garbage-first heap   total 331776K, used 281193K [0x0000000080000000, 0x0000000100000000)
  region size 1024K, 155 young (158720K), 12 survivors (12288K)
 Metaspace       used 98393K, committed 99136K, reserved 1138688K
  class space    used 13611K, committed 13952K, reserved 1048576K
}
Event: 44.061 GC heap after
{Heap after GC invocations=64 (full 0):
 garbage-first heap   total 331776K, used 134062K [0x0000000080000000, 0x0000000100000000)
  region size 1024K, 5 young (5120K), 5 survivors (5120K)
 Metaspace       used 98393K, committed 99136K, reserved 1138688K
  class space    used 13611K, committed 13952K, reserved 1048576K
}
Event: 46.615 GC heap before
{Heap before GC invocations=64 (full 0):
 garbage-first heap   total 331776K, used 289710K [0x0000000080000000, 0x0000000100000000)
  region size 1024K, 138 young (141312K), 5 survivors (5120K)
 Metaspace       used 99673K, committed 100352K, reserved 1138688K
  class space    used 13758K, committed 14080K, reserved 1048576K
}
Event: 46.619 GC heap after
{Heap after GC invocations=65 (full 0):
 garbage-first heap   total 331776K, used 153813K [0x0000000080000000, 0x0000000100000000)
  region size 1024K, 10 young (10240K), 10 survivors (10240K)
 Metaspace       used 99673K, committed 100352K, reserved 1138688K
  class space    used 13758K, committed 14080K, reserved 1048576K
}
Event: 46.997 GC heap before
{Heap before GC invocations=65 (full 0):
 garbage-first heap   total 331776K, used 273621K [0x0000000080000000, 0x0000000100000000)
  region size 1024K, 105 young (107520K), 10 survivors (10240K)
 Metaspace       used 99767K, committed 100416K, reserved 1138688K
  class space    used 13764K, committed 14080K, reserved 1048576K
}
Event: 47.016 GC heap after
{Heap after GC invocations=66 (full 0):
 garbage-first heap   total 331776K, used 187215K [0x0000000080000000, 0x0000000100000000)
  region size 1024K, 17 young (17408K), 17 survivors (17408K)
 Metaspace       used 99767K, committed 100416K, reserved 1138688K
  class space    used 13764K, committed 14080K, reserved 1048576K
}
Event: 47.521 GC heap before
{Heap before GC invocations=67 (full 0):
 garbage-first heap   total 360448K, used 262991K [0x0000000080000000, 0x0000000100000000)
  region size 1024K, 96 young (98304K), 17 survivors (17408K)
 Metaspace       used 100010K, committed 100800K, reserved 1138688K
  class space    used 13791K, committed 14208K, reserved 1048576K
}
Event: 47.552 GC heap after
{Heap after GC invocations=68 (full 0):
 garbage-first heap   total 360448K, used 207838K [0x0000000080000000, 0x0000000100000000)
  region size 1024K, 12 young (12288K), 12 survivors (12288K)
 Metaspace       used 100010K, committed 100800K, reserved 1138688K
  class space    used 13791K, committed 14208K, reserved 1048576K
}
Event: 47.576 GC heap before
{Heap before GC invocations=68 (full 0):
 garbage-first heap   total 360448K, used 212958K [0x0000000080000000, 0x0000000100000000)
  region size 1024K, 17 young (17408K), 12 survivors (12288K)
 Metaspace       used 100011K, committed 100800K, reserved 1138688K
  class space    used 13791K, committed 14208K, reserved 1048576K
}
Event: 47.590 GC heap after
{Heap after GC invocations=69 (full 0):
 garbage-first heap   total 360448K, used 207066K [0x0000000080000000, 0x0000000100000000)
  region size 1024K, 3 young (3072K), 3 survivors (3072K)
 Metaspace       used 100011K, committed 100800K, reserved 1138688K
  class space    used 13791K, committed 14208K, reserved 1048576K
}
Event: 47.833 GC heap before
{Heap before GC invocations=69 (full 0):
 garbage-first heap   total 360448K, used 280794K [0x0000000080000000, 0x0000000100000000)
  region size 1024K, 76 young (77824K), 3 survivors (3072K)
 Metaspace       used 100020K, committed 100800K, reserved 1138688K
  class space    used 13791K, committed 14208K, reserved 1048576K
}
Event: 47.857 GC heap after
{Heap after GC invocations=70 (full 0):
 garbage-first heap   total 360448K, used 238934K [0x0000000080000000, 0x0000000100000000)
  region size 1024K, 10 young (10240K), 10 survivors (10240K)
 Metaspace       used 100020K, committed 100800K, reserved 1138688K
  class space    used 13791K, committed 14208K, reserved 1048576K
}
Event: 48.058 GC heap before
{Heap before GC invocations=70 (full 0):
 garbage-first heap   total 360448K, used 285014K [0x0000000080000000, 0x0000000100000000)
  region size 1024K, 55 young (56320K), 10 survivors (10240K)
 Metaspace       used 100069K, committed 100800K, reserved 1138688K
  class space    used 13793K, committed 14208K, reserved 1048576K
}
Event: 48.078 GC heap after
{Heap after GC invocations=71 (full 0):
 garbage-first heap   total 360448K, used 250368K [0x0000000080000000, 0x0000000100000000)
  region size 1024K, 7 young (7168K), 7 survivors (7168K)
 Metaspace       used 100069K, committed 100800K, reserved 1138688K
  class space    used 13793K, committed 14208K, reserved 1048576K
}
Event: 48.255 GC heap before
{Heap before GC invocations=71 (full 0):
 garbage-first heap   total 360448K, used 290304K [0x0000000080000000, 0x0000000100000000)
  region size 1024K, 47 young (48128K), 7 survivors (7168K)
 Metaspace       used 100153K, committed 100928K, reserved 1138688K
  class space    used 13812K, committed 14208K, reserved 1048576K
}

